<?xml version="1.0" encoding="UTF-8"?>
<!-- Generated by org.testng.reporters.JUnitXMLReporter -->
<testsuite hostname="DESKTOP-U4KCNES" ignored="0" name="Test2" tests="4" failures="0" timestamp="06 Jul 2020 08:28:45 GMT" time="0.014" errors="0">
  <testcase name="method5" time="0.001" classname="com.myapp.MyThirdTestNgClass"/>
  <testcase name="method6" time="0.002" classname="com.myapp.MyThirdTestNgClass"/>
  <testcase name="method7" time="0.001" classname="com.myapp.MyFourthTestNgClass"/>
  <testcase name="method8" time="0.001" classname="com.myapp.MyFourthTestNgClass"/>
</testsuite> <!-- Test2 -->
