<?xml version="1.0" encoding="UTF-8"?>
<!-- Generated by org.testng.reporters.JUnitXMLReporter -->
<testsuite hostname="DESKTOP-U4KCNES" ignored="0" name="Test" tests="4" failures="0" timestamp="06 Jul 2020 08:05:59 GMT" time="0.034" errors="0">
  <testcase name="method1" time="0.005" classname="com.myapp.MyFirstTestNgClass"/>
  <testcase name="method2" time="0.002" classname="com.myapp.MyFirstTestNgClass"/>
  <testcase name="method3" time="0.0" classname="com.myapp.MySecondTestNgClass"/>
  <testcase name="method4" time="0.002" classname="com.myapp.MySecondTestNgClass"/>
</testsuite> <!-- Test -->
