<?xml version="1.0" encoding="UTF-8"?>
<!-- Generated by org.testng.reporters.JUnitXMLReporter -->
<testsuite hostname="DESKTOP-U4KCNES" ignored="2" name="Test1" tests="6" failures="0" timestamp="06 Jul 2020 08:28:45 GMT" time="0.052" errors="0">
  <testcase name="CarLoanLogin" time="0.007" classname="com.myapp.MyFifthTestNgClass"/>
  <testcase name="GoldLoanLogin" time="0.001" classname="com.myapp.MyFifthTestNgClass"/>
  <testcase name="method1" time="0.002" classname="com.myapp.MyFirstTestNgClass"/>
  <testcase name="method2" time="0.001" classname="com.myapp.MyFirstTestNgClass"/>
  <testcase name="method3" time="0.001" classname="com.myapp.MySecondTestNgClass"/>
  <testcase name="method4" time="0.001" classname="com.myapp.MySecondTestNgClass"/>
  <testcase name="HomeLoanLogin" time="0.0" classname="com.myapp.MyFifthTestNgClass">
    <ignored/>
  </testcase> <!-- HomeLoanLogin -->
  <testcase name="HomeLoanLogout" time="0.0" classname="com.myapp.MyFifthTestNgClass">
    <ignored/>
  </testcase> <!-- HomeLoanLogout -->
</testsuite> <!-- Test1 -->
