<?xml version="1.0" encoding="UTF-8"?>
<!-- Generated by org.testng.reporters.JUnitXMLReporter -->
<testsuite hostname="DESKTOP-U4KCNES" ignored="7" name="SmokeTest" tests="5" failures="0" timestamp="06 Jul 2020 08:46:58 GMT" time="0.036" errors="0">
  <testcase name="method1" time="0.008" classname="com.myapp.MyFirstTestNgClass"/>
  <testcase name="method3" time="0.001" classname="com.myapp.MySecondTestNgClass"/>
  <testcase name="method5" time="0.001" classname="com.myapp.MyThirdTestNgClass"/>
  <testcase name="HomeLoanLogin" time="0.001" classname="com.myapp.MyFifthTestNgClass"/>
  <testcase name="method7" time="0.001" classname="com.myapp.MyFourthTestNgClass"/>
  <testcase name="method8" time="0.0" classname="com.myapp.MyFourthTestNgClass">
    <ignored/>
  </testcase> <!-- method8 -->
  <testcase name="method4" time="0.0" classname="com.myapp.MySecondTestNgClass">
    <ignored/>
  </testcase> <!-- method4 -->
  <testcase name="CarLoanLogin" time="0.0" classname="com.myapp.MyFifthTestNgClass">
    <ignored/>
  </testcase> <!-- CarLoanLogin -->
  <testcase name="GoldLoanLogin" time="0.0" classname="com.myapp.MyFifthTestNgClass">
    <ignored/>
  </testcase> <!-- GoldLoanLogin -->
  <testcase name="method2" time="0.0" classname="com.myapp.MyFirstTestNgClass">
    <ignored/>
  </testcase> <!-- method2 -->
  <testcase name="method6" time="0.0" classname="com.myapp.MyThirdTestNgClass">
    <ignored/>
  </testcase> <!-- method6 -->
  <testcase name="HomeLoanLogout" time="0.0" classname="com.myapp.MyFifthTestNgClass">
    <ignored/>
  </testcase> <!-- HomeLoanLogout -->
</testsuite> <!-- SmokeTest -->
